<?xml version="1.0" encoding="UTF-8"?>
<!-- Generated by org.testng.reporters.JUnitReportReporter -->
<testsuite skipped="0" hostname="SHALINI" name="com.testng.ParallelExecution1" tests="1" failures="0" timestamp="06 May 2018 19:48:14 GMT" time="13.446" errors="0">
  <testcase name="lounchBrowser" time="13.446" classname="com.testng.ParallelExecution1"/>
</testsuite> <!-- com.testng.ParallelExecution1 -->
