<?xml version="1.0" encoding="UTF-8"?>
<!-- Generated by org.testng.reporters.JUnitReportReporter -->
<testsuite skipped="0" hostname="SHALINI" name="com.frames.TestNG" tests="1" failures="0" timestamp="01 May 2018 22:41:20 GMT" time="0.006" errors="0">
  <testcase name="m1" time="0.006" classname="com.frames.TestNG"/>
</testsuite> <!-- com.frames.TestNG -->
