<?xml version="1.0" encoding="UTF-8"?>
<!-- Generated by org.testng.reporters.JUnitReportReporter -->
<testsuite skipped="0" hostname="SHALINI" name="com.testng.Test3" tests="2" failures="0" timestamp="01 May 2018 22:41:20 GMT" time="0.017" errors="0">
  <testcase name="deleteFolder" time="0.009" classname="com.testng.Test3"/>
  <testcase name="createFolder" time="0.008" classname="com.testng.Test3"/>
</testsuite> <!-- com.testng.Test3 -->
