<?xml version="1.0" encoding="UTF-8"?>
<!-- Generated by org.testng.reporters.JUnitReportReporter -->
<testsuite skipped="0" hostname="SHALINI" name="com.assertion.Assertion" tests="1" failures="0" timestamp="06 May 2018 22:02:33 GMT" time="0.045" errors="0">
  <testcase name="test1" time="0.045" classname="com.assertion.Assertion"/>
</testsuite> <!-- com.assertion.Assertion -->
