<?xml version="1.0" encoding="UTF-8"?>
<!-- Generated by org.testng.reporters.JUnitReportReporter -->
<testsuite skipped="0" hostname="SHALINI" name="com.testng.Test1" tests="1" failures="0" timestamp="01 May 2018 22:41:20 GMT" time="0.004" errors="0">
  <testcase name="m1" time="0.004" classname="com.testng.Test1"/>
</testsuite> <!-- com.testng.Test1 -->
