<?xml version="1.0" encoding="UTF-8"?>
<!-- Generated by org.testng.reporters.JUnitReportReporter -->
<testsuite skipped="0" hostname="SHALINI" name="com.testng.GroupTest" tests="3" failures="0" timestamp="01 May 2018 23:10:02 GMT" time="0.063" errors="0">
  <testcase name="m3" time="0.008" classname="com.testng.GroupTest"/>
  <testcase name="m4" time="0.007" classname="com.testng.GroupTest"/>
  <testcase name="m2" time="0.048" classname="com.testng.GroupTest"/>
</testsuite> <!-- com.testng.GroupTest -->
