<?xml version="1.0" encoding="UTF-8"?>
<!-- Generated by org.testng.reporters.JUnitReportReporter -->
<testsuite skipped="0" hostname="SHALINI" name="com.testng.BeforeAndAfterTestJDW" tests="1" failures="0" timestamp="01 May 2018 22:41:20 GMT" time="0.006" errors="0">
  <testcase name="createFolder" time="0.006" classname="com.testng.BeforeAndAfterTestJDW"/>
</testsuite> <!-- com.testng.BeforeAndAfterTestJDW -->
