<?xml version="1.0" encoding="UTF-8"?>
<!-- Generated by org.testng.reporters.JUnitReportReporter -->
<testsuite skipped="0" hostname="SHALINI" name="com.screenshot.FailedScreenShot" tests="1" failures="0" timestamp="12 May 2018 22:39:09 GMT" time="17.768" errors="0">
  <testcase name="searchProduct1" time="17.768" classname="com.screenshot.FailedScreenShot"/>
</testsuite> <!-- com.screenshot.FailedScreenShot -->
