<?xml version="1.0" encoding="UTF-8"?>
<!-- Generated by org.testng.reporters.JUnitReportReporter -->
<testsuite skipped="0" hostname="SHALINI" name="com.testng.Priority123" tests="2" failures="0" timestamp="06 May 2018 21:16:41 GMT" time="0.048" errors="0">
  <testcase name="createFolder" time="0.041" classname="com.testng.Priority123"/>
  <testcase name="loginToApp" time="0.007" classname="com.testng.Priority123"/>
</testsuite> <!-- com.testng.Priority123 -->
