<?xml version="1.0" encoding="UTF-8"?>
<!-- Generated by org.testng.reporters.JUnitReportReporter -->
<testsuite skipped="0" hostname="SHALINI" name="com.testng.BeforeAndAfterTestSBUS" tests="1" failures="0" timestamp="01 May 2018 22:41:20 GMT" time="0.053" errors="0">
  <testcase name="createFolder" time="0.053" classname="com.testng.BeforeAndAfterTestSBUS"/>
</testsuite> <!-- com.testng.BeforeAndAfterTestSBUS -->
