<?xml version="1.0" encoding="UTF-8"?>
<!-- Generated by org.testng.reporters.JUnitReportReporter -->
<testsuite skipped="0" hostname="SHALINI" name="com.screenshot.ScreenShotForFailedTest" tests="1" failures="0" timestamp="12 May 2018 22:11:38 GMT" time="16.128" errors="0">
  <testcase name="sarchProduct" time="16.128" classname="com.screenshot.ScreenShotForFailedTest"/>
</testsuite> <!-- com.screenshot.ScreenShotForFailedTest -->
