<?xml version="1.0" encoding="UTF-8"?>
<!-- Generated by org.testng.reporters.JUnitReportReporter -->
<testsuite skipped="0" hostname="SHALINI" name="com.testng.Test2" tests="2" failures="0" timestamp="01 May 2018 22:53:06 GMT" time="0.058" errors="0">
  <testcase name="createFolder" time="0.044" classname="com.testng.Test2"/>
  <testcase name="shareFile" time="0.014" classname="com.testng.Test2"/>
</testsuite> <!-- com.testng.Test2 -->
